{"/Users/shreyanshnarendrabhai/code/unqork/sample-project/src/App.js": {"path":"/Users/shreyanshnarendrabhai/code/unqork/sample-project/src/App.js","statementMap":{"0":{"start":{"line":13,"column":19},"end":{"line":13,"column":43}},"1":{"start":{"line":13,"column":28},"end":{"line":13,"column":43}},"2":{"start":{"line":15,"column":12},"end":{"line":38,"column":1}},"3":{"start":{"line":16,"column":15},"end":{"line":16,"column":38}},"4":{"start":{"line":17,"column":2},"end":{"line":17,"column":11}},"5":{"start":{"line":18,"column":18},"end":{"line":18,"column":30}},"6":{"start":{"line":19,"column":2},"end":{"line":21,"column":3}},"7":{"start":{"line":20,"column":4},"end":{"line":20,"column":27}},"8":{"start":{"line":22,"column":2},"end":{"line":37,"column":4}}},"fnMap":{"0":{"name":"(anonymous_0)","decl":{"start":{"line":13,"column":19},"end":{"line":13,"column":20}},"loc":{"start":{"line":13,"column":28},"end":{"line":13,"column":43}},"line":13},"1":{"name":"(anonymous_1)","decl":{"start":{"line":15,"column":12},"end":{"line":15,"column":13}},"loc":{"start":{"line":15,"column":18},"end":{"line":38,"column":1}},"line":15}},"branchMap":{"0":{"loc":{"start":{"line":19,"column":2},"end":{"line":21,"column":3}},"type":"if","locations":[{"start":{"line":19,"column":2},"end":{"line":21,"column":3}},{"start":{"line":19,"column":2},"end":{"line":21,"column":3}}],"line":19}},"s":{"0":0,"1":0,"2":0,"3":0,"4":0,"5":0,"6":0,"7":0,"8":0},"f":{"0":0,"1":0},"b":{"0":[0,0]},"hash":"ed6fcdce241e380358d92eb9ec0dc332888d4f67"}
,"/Users/shreyanshnarendrabhai/code/unqork/sample-project/src/index.js": {"path":"/Users/shreyanshnarendrabhai/code/unqork/sample-project/src/index.js","statementMap":{"0":{"start":{"line":11,"column":0},"end":{"line":22,"column":2}}},"fnMap":{},"branchMap":{},"s":{"0":0},"f":{},"b":{},"hash":"da3ee25a61a5a5681c9f6b3d0f687fc00fa3983f"}
,"/Users/shreyanshnarendrabhai/code/unqork/sample-project/src/old.js": {"path":"/Users/shreyanshnarendrabhai/code/unqork/sample-project/src/old.js","statementMap":{},"fnMap":{},"branchMap":{},"s":{},"f":{},"b":{},"hash":"5c91f8a5b70928f2ef518bd6e0f01527a7603709"}
,"/Users/shreyanshnarendrabhai/code/unqork/sample-project/src/store.js": {"path":"/Users/shreyanshnarendrabhai/code/unqork/sample-project/src/store.js","statementMap":{"0":{"start":{"line":7,"column":14},"end":{"line":10,"column":1}}},"fnMap":{},"branchMap":{},"s":{"0":0},"f":{},"b":{},"hash":"172b6ef638379e1ba010d73d781f501892ada9d0"}
,"/Users/shreyanshnarendrabhai/code/unqork/sample-project/src/actions/activityActions.js": {"path":"/Users/shreyanshnarendrabhai/code/unqork/sample-project/src/actions/activityActions.js","statementMap":{"0":{"start":{"line":3,"column":29},"end":{"line":3,"column":44}},"1":{"start":{"line":4,"column":35},"end":{"line":4,"column":56}},"2":{"start":{"line":6,"column":27},"end":{"line":12,"column":1}},"3":{"start":{"line":7,"column":2},"end":{"line":11,"column":4}},"4":{"start":{"line":8,"column":4},"end":{"line":8,"column":46}},"5":{"start":{"line":9,"column":17},"end":{"line":9,"column":55}},"6":{"start":{"line":10,"column":4},"end":{"line":10,"column":33}},"7":{"start":{"line":14,"column":33},"end":{"line":17,"column":2}},"8":{"start":{"line":14,"column":52},"end":{"line":17,"column":1}},"9":{"start":{"line":19,"column":28},"end":{"line":22,"column":2}},"10":{"start":{"line":19,"column":43},"end":{"line":22,"column":1}}},"fnMap":{"0":{"name":"(anonymous_0)","decl":{"start":{"line":6,"column":27},"end":{"line":6,"column":28}},"loc":{"start":{"line":6,"column":43},"end":{"line":12,"column":1}},"line":6},"1":{"name":"(anonymous_1)","decl":{"start":{"line":7,"column":9},"end":{"line":7,"column":10}},"loc":{"start":{"line":7,"column":27},"end":{"line":11,"column":3}},"line":7},"2":{"name":"(anonymous_2)","decl":{"start":{"line":14,"column":33},"end":{"line":14,"column":34}},"loc":{"start":{"line":14,"column":52},"end":{"line":17,"column":1}},"line":14},"3":{"name":"(anonymous_3)","decl":{"start":{"line":19,"column":28},"end":{"line":19,"column":29}},"loc":{"start":{"line":19,"column":43},"end":{"line":22,"column":1}},"line":19}},"branchMap":{},"s":{"0":0,"1":0,"2":0,"3":0,"4":0,"5":0,"6":0,"7":0,"8":0,"9":0,"10":0},"f":{"0":0,"1":0,"2":0,"3":0},"b":{},"hash":"f79582678e84815be7a49932fe66a90eaa35369b"}
,"/Users/shreyanshnarendrabhai/code/unqork/sample-project/src/actions/authActions.js": {"path":"/Users/shreyanshnarendrabhai/code/unqork/sample-project/src/actions/authActions.js","statementMap":{"0":{"start":{"line":1,"column":24},"end":{"line":1,"column":34}},"1":{"start":{"line":4,"column":23},"end":{"line":7,"column":2}},"2":{"start":{"line":4,"column":34},"end":{"line":7,"column":1}}},"fnMap":{"0":{"name":"(anonymous_0)","decl":{"start":{"line":4,"column":23},"end":{"line":4,"column":24}},"loc":{"start":{"line":4,"column":34},"end":{"line":7,"column":1}},"line":4}},"branchMap":{},"s":{"0":0,"1":0,"2":0},"f":{"0":0},"b":{},"hash":"d80706267698e1ef808b3560c46ef6a31b29d7b9"}
,"/Users/shreyanshnarendrabhai/code/unqork/sample-project/src/actions/menuActions.js": {"path":"/Users/shreyanshnarendrabhai/code/unqork/sample-project/src/actions/menuActions.js","statementMap":{"0":{"start":{"line":1,"column":25},"end":{"line":1,"column":36}},"1":{"start":{"line":2,"column":26},"end":{"line":2,"column":38}},"2":{"start":{"line":5,"column":24},"end":{"line":5,"column":49}},"3":{"start":{"line":5,"column":31},"end":{"line":5,"column":48}},"4":{"start":{"line":7,"column":25},"end":{"line":7,"column":51}},"5":{"start":{"line":7,"column":32},"end":{"line":7,"column":50}}},"fnMap":{"0":{"name":"(anonymous_0)","decl":{"start":{"line":5,"column":24},"end":{"line":5,"column":25}},"loc":{"start":{"line":5,"column":31},"end":{"line":5,"column":48}},"line":5},"1":{"name":"(anonymous_1)","decl":{"start":{"line":7,"column":25},"end":{"line":7,"column":26}},"loc":{"start":{"line":7,"column":32},"end":{"line":7,"column":50}},"line":7}},"branchMap":{},"s":{"0":0,"1":0,"2":0,"3":0,"4":0,"5":0},"f":{"0":0,"1":0},"b":{},"hash":"e42fc800c97769a140f17664050243026764ea18"}
,"/Users/shreyanshnarendrabhai/code/unqork/sample-project/src/apis/fetchBoredActivity.js": {"path":"/Users/shreyanshnarendrabhai/code/unqork/sample-project/src/apis/fetchBoredActivity.js","statementMap":{"0":{"start":{"line":1,"column":27},"end":{"line":8,"column":1}},"1":{"start":{"line":3,"column":2},"end":{"line":3,"column":57}},"2":{"start":{"line":3,"column":31},"end":{"line":3,"column":55}},"3":{"start":{"line":4,"column":22},"end":{"line":4,"column":84}},"4":{"start":{"line":5,"column":19},"end":{"line":5,"column":43}},"5":{"start":{"line":6,"column":15},"end":{"line":6,"column":36}},"6":{"start":{"line":7,"column":2},"end":{"line":7,"column":14}}},"fnMap":{"0":{"name":"(anonymous_0)","decl":{"start":{"line":1,"column":27},"end":{"line":1,"column":28}},"loc":{"start":{"line":1,"column":51},"end":{"line":8,"column":1}},"line":1},"1":{"name":"(anonymous_1)","decl":{"start":{"line":3,"column":20},"end":{"line":3,"column":21}},"loc":{"start":{"line":3,"column":31},"end":{"line":3,"column":55}},"line":3}},"branchMap":{},"s":{"0":0,"1":0,"2":0,"3":0,"4":0,"5":0,"6":0},"f":{"0":0,"1":0},"b":{},"hash":"92a2ee095e97b864d1b132270f3fb274c364884d"}
,"/Users/shreyanshnarendrabhai/code/unqork/sample-project/src/components/AccordionSection/index.js": {"path":"/Users/shreyanshnarendrabhai/code/unqork/sample-project/src/components/AccordionSection/index.js","statementMap":{"0":{"start":{"line":5,"column":25},"end":{"line":26,"column":1}},"1":{"start":{"line":6,"column":28},"end":{"line":6,"column":43}},"2":{"start":{"line":7,"column":30},"end":{"line":7,"column":35}},"3":{"start":{"line":8,"column":21},"end":{"line":14,"column":3}},"4":{"start":{"line":9,"column":4},"end":{"line":13,"column":5}},"5":{"start":{"line":10,"column":6},"end":{"line":10,"column":21}},"6":{"start":{"line":12,"column":6},"end":{"line":12,"column":20}},"7":{"start":{"line":15,"column":18},"end":{"line":15,"column":78}},"8":{"start":{"line":17,"column":2},"end":{"line":25,"column":4}}},"fnMap":{"0":{"name":"(anonymous_0)","decl":{"start":{"line":5,"column":25},"end":{"line":5,"column":26}},"loc":{"start":{"line":5,"column":34},"end":{"line":26,"column":1}},"line":5},"1":{"name":"(anonymous_1)","decl":{"start":{"line":8,"column":21},"end":{"line":8,"column":22}},"loc":{"start":{"line":8,"column":27},"end":{"line":14,"column":3}},"line":8}},"branchMap":{"0":{"loc":{"start":{"line":9,"column":4},"end":{"line":13,"column":5}},"type":"if","locations":[{"start":{"line":9,"column":4},"end":{"line":13,"column":5}},{"start":{"line":9,"column":4},"end":{"line":13,"column":5}}],"line":9},"1":{"loc":{"start":{"line":15,"column":18},"end":{"line":15,"column":78}},"type":"cond-expr","locations":[{"start":{"line":15,"column":27},"end":{"line":15,"column":53}},{"start":{"line":15,"column":56},"end":{"line":15,"column":78}}],"line":15},"2":{"loc":{"start":{"line":23,"column":7},"end":{"line":23,"column":65}},"type":"binary-expr","locations":[{"start":{"line":23,"column":7},"end":{"line":23,"column":13}},{"start":{"line":23,"column":17},"end":{"line":23,"column":65}}],"line":23}},"s":{"0":1,"1":5,"2":5,"3":5,"4":2,"5":0,"6":2,"7":5,"8":5},"f":{"0":5,"1":2},"b":{"0":[0,2],"1":[2,3],"2":[5,2]},"_coverageSchema":"43e27e138ebf9cfc5966b082cf9a028302ed4184","hash":"5e63c57fbe794f9ecf47ab66082dc853cea5a9ff"}
,"/Users/shreyanshnarendrabhai/code/unqork/sample-project/src/components/LoadingIndicator/index.js": {"path":"/Users/shreyanshnarendrabhai/code/unqork/sample-project/src/components/LoadingIndicator/index.js","statementMap":{"0":{"start":{"line":5,"column":25},"end":{"line":12,"column":1}},"1":{"start":{"line":6,"column":2},"end":{"line":11,"column":4}}},"fnMap":{"0":{"name":"(anonymous_0)","decl":{"start":{"line":5,"column":25},"end":{"line":5,"column":26}},"loc":{"start":{"line":5,"column":31},"end":{"line":12,"column":1}},"line":5}},"branchMap":{},"s":{"0":1,"1":2},"f":{"0":2},"b":{},"_coverageSchema":"43e27e138ebf9cfc5966b082cf9a028302ed4184","hash":"cfd30b8d7ed70a0c6b00c64072406b45f98043a1"}
,"/Users/shreyanshnarendrabhai/code/unqork/sample-project/src/components/Navbar/index.js": {"path":"/Users/shreyanshnarendrabhai/code/unqork/sample-project/src/components/Navbar/index.js","statementMap":{"0":{"start":{"line":9,"column":21},"end":{"line":9,"column":45}},"1":{"start":{"line":9,"column":30},"end":{"line":9,"column":45}},"2":{"start":{"line":11,"column":15},"end":{"line":33,"column":1}},"3":{"start":{"line":12,"column":19},"end":{"line":12,"column":32}},"4":{"start":{"line":13,"column":17},"end":{"line":13,"column":42}},"5":{"start":{"line":15,"column":31},"end":{"line":21,"column":3}},"6":{"start":{"line":16,"column":4},"end":{"line":20,"column":5}},"7":{"start":{"line":17,"column":6},"end":{"line":17,"column":27}},"8":{"start":{"line":19,"column":6},"end":{"line":19,"column":27}},"9":{"start":{"line":23,"column":23},"end":{"line":23,"column":66}},"10":{"start":{"line":24,"column":2},"end":{"line":32,"column":4}}},"fnMap":{"0":{"name":"(anonymous_0)","decl":{"start":{"line":9,"column":21},"end":{"line":9,"column":22}},"loc":{"start":{"line":9,"column":30},"end":{"line":9,"column":45}},"line":9},"1":{"name":"(anonymous_1)","decl":{"start":{"line":11,"column":15},"end":{"line":11,"column":16}},"loc":{"start":{"line":11,"column":21},"end":{"line":33,"column":1}},"line":11},"2":{"name":"(anonymous_2)","decl":{"start":{"line":15,"column":31},"end":{"line":15,"column":32}},"loc":{"start":{"line":15,"column":37},"end":{"line":21,"column":3}},"line":15}},"branchMap":{"0":{"loc":{"start":{"line":16,"column":4},"end":{"line":20,"column":5}},"type":"if","locations":[{"start":{"line":16,"column":4},"end":{"line":20,"column":5}},{"start":{"line":16,"column":4},"end":{"line":20,"column":5}}],"line":16},"1":{"loc":{"start":{"line":23,"column":23},"end":{"line":23,"column":66}},"type":"cond-expr","locations":[{"start":{"line":23,"column":32},"end":{"line":23,"column":48}},{"start":{"line":23,"column":51},"end":{"line":23,"column":66}}],"line":23}},"s":{"0":0,"1":0,"2":0,"3":0,"4":0,"5":0,"6":0,"7":0,"8":0,"9":0,"10":0},"f":{"0":0,"1":0,"2":0},"b":{"0":[0,0],"1":[0,0]},"hash":"3a83b4595c854ef3900f62112c66947cbea6643d"}
,"/Users/shreyanshnarendrabhai/code/unqork/sample-project/src/components/Sidebar/index.js": {"path":"/Users/shreyanshnarendrabhai/code/unqork/sample-project/src/components/Sidebar/index.js","statementMap":{"0":{"start":{"line":9,"column":21},"end":{"line":9,"column":45}},"1":{"start":{"line":9,"column":30},"end":{"line":9,"column":45}},"2":{"start":{"line":11,"column":16},"end":{"line":33,"column":1}},"3":{"start":{"line":12,"column":19},"end":{"line":12,"column":32}},"4":{"start":{"line":14,"column":17},"end":{"line":14,"column":42}},"5":{"start":{"line":16,"column":32},"end":{"line":18,"column":3}},"6":{"start":{"line":17,"column":4},"end":{"line":17,"column":26}},"7":{"start":{"line":20,"column":2},"end":{"line":32,"column":4}}},"fnMap":{"0":{"name":"(anonymous_0)","decl":{"start":{"line":9,"column":21},"end":{"line":9,"column":22}},"loc":{"start":{"line":9,"column":30},"end":{"line":9,"column":45}},"line":9},"1":{"name":"(anonymous_1)","decl":{"start":{"line":11,"column":16},"end":{"line":11,"column":17}},"loc":{"start":{"line":11,"column":25},"end":{"line":33,"column":1}},"line":11},"2":{"name":"(anonymous_2)","decl":{"start":{"line":16,"column":32},"end":{"line":16,"column":33}},"loc":{"start":{"line":16,"column":38},"end":{"line":18,"column":3}},"line":16}},"branchMap":{"0":{"loc":{"start":{"line":21,"column":33},"end":{"line":21,"column":53}},"type":"cond-expr","locations":[{"start":{"line":21,"column":42},"end":{"line":21,"column":48}},{"start":{"line":21,"column":51},"end":{"line":21,"column":53}}],"line":21}},"s":{"0":0,"1":0,"2":0,"3":0,"4":0,"5":0,"6":0,"7":0},"f":{"0":0,"1":0,"2":0},"b":{"0":[0,0]},"hash":"040ed5d69d59af0f67b71710064b9726cb133b1f"}
,"/Users/shreyanshnarendrabhai/code/unqork/sample-project/src/pages/AccountPage/Profile/index.js": {"path":"/Users/shreyanshnarendrabhai/code/unqork/sample-project/src/pages/AccountPage/Profile/index.js","statementMap":{},"fnMap":{},"branchMap":{},"s":{},"f":{},"b":{},"hash":"188e122e5ac3420fbe51975eaa6283a13d909f79"}
,"/Users/shreyanshnarendrabhai/code/unqork/sample-project/src/pages/AccountPage/SettingsPage/index.js": {"path":"/Users/shreyanshnarendrabhai/code/unqork/sample-project/src/pages/AccountPage/SettingsPage/index.js","statementMap":{},"fnMap":{},"branchMap":{},"s":{},"f":{},"b":{},"hash":"930ca283dbc82c3da6cf8eb8da15d2d07a43420b"}
,"/Users/shreyanshnarendrabhai/code/unqork/sample-project/src/pages/ActivityPage/index.js": {"path":"/Users/shreyanshnarendrabhai/code/unqork/sample-project/src/pages/ActivityPage/index.js","statementMap":{"0":{"start":{"line":9,"column":32},"end":{"line":10,"column":40}},"1":{"start":{"line":9,"column":48},"end":{"line":10,"column":40}},"2":{"start":{"line":10,"column":2},"end":{"line":10,"column":40}},"3":{"start":{"line":12,"column":29},"end":{"line":13,"column":39}},"4":{"start":{"line":12,"column":45},"end":{"line":13,"column":39}},"5":{"start":{"line":13,"column":2},"end":{"line":13,"column":39}},"6":{"start":{"line":15,"column":21},"end":{"line":36,"column":1}},"7":{"start":{"line":16,"column":19},"end":{"line":16,"column":32}},"8":{"start":{"line":17,"column":27},"end":{"line":17,"column":38}},"9":{"start":{"line":18,"column":2},"end":{"line":20,"column":9}},"10":{"start":{"line":19,"column":4},"end":{"line":19,"column":40}},"11":{"start":{"line":21,"column":20},"end":{"line":21,"column":70}},"12":{"start":{"line":22,"column":19},"end":{"line":22,"column":66}},"13":{"start":{"line":23,"column":2},"end":{"line":25,"column":3}},"14":{"start":{"line":24,"column":4},"end":{"line":24,"column":32}},"15":{"start":{"line":27,"column":58},"end":{"line":27,"column":66}},"16":{"start":{"line":29,"column":2},"end":{"line":35,"column":4}}},"fnMap":{"0":{"name":"(anonymous_0)","decl":{"start":{"line":9,"column":32},"end":{"line":9,"column":33}},"loc":{"start":{"line":9,"column":48},"end":{"line":10,"column":40}},"line":9},"1":{"name":"(anonymous_1)","decl":{"start":{"line":9,"column":48},"end":{"line":9,"column":49}},"loc":{"start":{"line":10,"column":2},"end":{"line":10,"column":40}},"line":10},"2":{"name":"(anonymous_2)","decl":{"start":{"line":12,"column":29},"end":{"line":12,"column":30}},"loc":{"start":{"line":12,"column":45},"end":{"line":13,"column":39}},"line":12},"3":{"name":"(anonymous_3)","decl":{"start":{"line":12,"column":45},"end":{"line":12,"column":46}},"loc":{"start":{"line":13,"column":2},"end":{"line":13,"column":39}},"line":13},"4":{"name":"(anonymous_4)","decl":{"start":{"line":15,"column":21},"end":{"line":15,"column":22}},"loc":{"start":{"line":15,"column":30},"end":{"line":36,"column":1}},"line":15},"5":{"name":"(anonymous_5)","decl":{"start":{"line":18,"column":12},"end":{"line":18,"column":13}},"loc":{"start":{"line":18,"column":18},"end":{"line":20,"column":3}},"line":18}},"branchMap":{"0":{"loc":{"start":{"line":23,"column":2},"end":{"line":25,"column":3}},"type":"if","locations":[{"start":{"line":23,"column":2},"end":{"line":25,"column":3}},{"start":{"line":23,"column":2},"end":{"line":25,"column":3}}],"line":23},"1":{"loc":{"start":{"line":23,"column":6},"end":{"line":23,"column":28}},"type":"binary-expr","locations":[{"start":{"line":23,"column":6},"end":{"line":23,"column":15}},{"start":{"line":23,"column":19},"end":{"line":23,"column":28}}],"line":23}},"s":{"0":0,"1":0,"2":0,"3":0,"4":0,"5":0,"6":0,"7":0,"8":0,"9":0,"10":0,"11":0,"12":0,"13":0,"14":0,"15":0,"16":0},"f":{"0":0,"1":0,"2":0,"3":0,"4":0,"5":0},"b":{"0":[0,0],"1":[0,0]},"hash":"ee99a04b496708dae6377db433e4b649639c4d56"}
,"/Users/shreyanshnarendrabhai/code/unqork/sample-project/src/pages/HomePage/index.js": {"path":"/Users/shreyanshnarendrabhai/code/unqork/sample-project/src/pages/HomePage/index.js","statementMap":{"0":{"start":{"line":4,"column":17},"end":{"line":17,"column":1}},"1":{"start":{"line":5,"column":2},"end":{"line":16,"column":4}}},"fnMap":{"0":{"name":"(anonymous_0)","decl":{"start":{"line":4,"column":17},"end":{"line":4,"column":18}},"loc":{"start":{"line":4,"column":26},"end":{"line":17,"column":1}},"line":4}},"branchMap":{},"s":{"0":0,"1":0},"f":{"0":0},"b":{},"hash":"0e300201ddc0a67e5facdbaf1f084a78bac89dd0"}
,"/Users/shreyanshnarendrabhai/code/unqork/sample-project/src/pages/LoginPage/index.js": {"path":"/Users/shreyanshnarendrabhai/code/unqork/sample-project/src/pages/LoginPage/index.js","statementMap":{"0":{"start":{"line":8,"column":18},"end":{"line":56,"column":1}},"1":{"start":{"line":9,"column":34},"end":{"line":9,"column":46}},"2":{"start":{"line":10,"column":34},"end":{"line":10,"column":46}},"3":{"start":{"line":11,"column":28},"end":{"line":11,"column":40}},"4":{"start":{"line":12,"column":18},"end":{"line":12,"column":30}},"5":{"start":{"line":13,"column":19},"end":{"line":13,"column":32}},"6":{"start":{"line":15,"column":25},"end":{"line":22,"column":3}},"7":{"start":{"line":16,"column":4},"end":{"line":19,"column":5}},"8":{"start":{"line":17,"column":6},"end":{"line":17,"column":47}},"9":{"start":{"line":18,"column":6},"end":{"line":18,"column":13}},"10":{"start":{"line":20,"column":4},"end":{"line":20,"column":32}},"11":{"start":{"line":21,"column":4},"end":{"line":21,"column":22}},"12":{"start":{"line":24,"column":27},"end":{"line":27,"column":3}},"13":{"start":{"line":25,"column":22},"end":{"line":25,"column":37}},"14":{"start":{"line":26,"column":4},"end":{"line":26,"column":23}},"15":{"start":{"line":29,"column":27},"end":{"line":32,"column":3}},"16":{"start":{"line":30,"column":22},"end":{"line":30,"column":37}},"17":{"start":{"line":31,"column":4},"end":{"line":31,"column":23}},"18":{"start":{"line":34,"column":2},"end":{"line":55,"column":4}}},"fnMap":{"0":{"name":"(anonymous_0)","decl":{"start":{"line":8,"column":18},"end":{"line":8,"column":19}},"loc":{"start":{"line":8,"column":27},"end":{"line":56,"column":1}},"line":8},"1":{"name":"(anonymous_1)","decl":{"start":{"line":15,"column":25},"end":{"line":15,"column":26}},"loc":{"start":{"line":15,"column":31},"end":{"line":22,"column":3}},"line":15},"2":{"name":"(anonymous_2)","decl":{"start":{"line":24,"column":27},"end":{"line":24,"column":28}},"loc":{"start":{"line":24,"column":32},"end":{"line":27,"column":3}},"line":24},"3":{"name":"(anonymous_3)","decl":{"start":{"line":29,"column":27},"end":{"line":29,"column":28}},"loc":{"start":{"line":29,"column":32},"end":{"line":32,"column":3}},"line":29}},"branchMap":{"0":{"loc":{"start":{"line":16,"column":4},"end":{"line":19,"column":5}},"type":"if","locations":[{"start":{"line":16,"column":4},"end":{"line":19,"column":5}},{"start":{"line":16,"column":4},"end":{"line":19,"column":5}}],"line":16},"1":{"loc":{"start":{"line":16,"column":8},"end":{"line":16,"column":30}},"type":"binary-expr","locations":[{"start":{"line":16,"column":8},"end":{"line":16,"column":17}},{"start":{"line":16,"column":21},"end":{"line":16,"column":30}}],"line":16},"2":{"loc":{"start":{"line":36,"column":7},"end":{"line":36,"column":34}},"type":"binary-expr","locations":[{"start":{"line":36,"column":7},"end":{"line":36,"column":12}},{"start":{"line":36,"column":16},"end":{"line":36,"column":34}}],"line":36}},"s":{"0":0,"1":0,"2":0,"3":0,"4":0,"5":0,"6":0,"7":0,"8":0,"9":0,"10":0,"11":0,"12":0,"13":0,"14":0,"15":0,"16":0,"17":0,"18":0},"f":{"0":0,"1":0,"2":0,"3":0},"b":{"0":[0,0],"1":[0,0],"2":[0,0]},"hash":"b796551eb3e87a010ade090bf1d7e223071b3e01"}
,"/Users/shreyanshnarendrabhai/code/unqork/sample-project/src/reducers/activitiesReducer.js": {"path":"/Users/shreyanshnarendrabhai/code/unqork/sample-project/src/reducers/activitiesReducer.js","statementMap":{"0":{"start":{"line":3,"column":22},"end":{"line":6,"column":1}},"1":{"start":{"line":8,"column":26},"end":{"line":28,"column":1}},"2":{"start":{"line":9,"column":2},"end":{"line":27,"column":3}},"3":{"start":{"line":11,"column":6},"end":{"line":18,"column":9}},"4":{"start":{"line":20,"column":6},"end":{"line":24,"column":9}},"5":{"start":{"line":26,"column":6},"end":{"line":26,"column":19}}},"fnMap":{"0":{"name":"(anonymous_0)","decl":{"start":{"line":8,"column":26},"end":{"line":8,"column":27}},"loc":{"start":{"line":8,"column":61},"end":{"line":28,"column":1}},"line":8}},"branchMap":{"0":{"loc":{"start":{"line":8,"column":27},"end":{"line":8,"column":48}},"type":"default-arg","locations":[{"start":{"line":8,"column":35},"end":{"line":8,"column":48}}],"line":8},"1":{"loc":{"start":{"line":9,"column":2},"end":{"line":27,"column":3}},"type":"switch","locations":[{"start":{"line":10,"column":4},"end":{"line":18,"column":9}},{"start":{"line":19,"column":4},"end":{"line":24,"column":9}},{"start":{"line":25,"column":4},"end":{"line":26,"column":19}}],"line":9}},"s":{"0":0,"1":0,"2":0,"3":0,"4":0,"5":0},"f":{"0":0},"b":{"0":[0],"1":[0,0,0]},"hash":"763d5b68aecbb2f72806377f2458559233e0f201"}
,"/Users/shreyanshnarendrabhai/code/unqork/sample-project/src/reducers/authReducer.js": {"path":"/Users/shreyanshnarendrabhai/code/unqork/sample-project/src/reducers/authReducer.js","statementMap":{"0":{"start":{"line":3,"column":22},"end":{"line":5,"column":1}},"1":{"start":{"line":7,"column":20},"end":{"line":16,"column":1}},"2":{"start":{"line":8,"column":2},"end":{"line":15,"column":3}},"3":{"start":{"line":10,"column":6},"end":{"line":12,"column":9}},"4":{"start":{"line":14,"column":6},"end":{"line":14,"column":19}}},"fnMap":{"0":{"name":"(anonymous_0)","decl":{"start":{"line":7,"column":20},"end":{"line":7,"column":21}},"loc":{"start":{"line":7,"column":55},"end":{"line":16,"column":1}},"line":7}},"branchMap":{"0":{"loc":{"start":{"line":7,"column":21},"end":{"line":7,"column":42}},"type":"default-arg","locations":[{"start":{"line":7,"column":29},"end":{"line":7,"column":42}}],"line":7},"1":{"loc":{"start":{"line":8,"column":2},"end":{"line":15,"column":3}},"type":"switch","locations":[{"start":{"line":9,"column":4},"end":{"line":12,"column":9}},{"start":{"line":13,"column":4},"end":{"line":14,"column":19}}],"line":8}},"s":{"0":0,"1":0,"2":0,"3":0,"4":0},"f":{"0":0},"b":{"0":[0],"1":[0,0]},"hash":"73fcc7e6087cb6f55d88eb68cbcd6eccd9b7b093"}
,"/Users/shreyanshnarendrabhai/code/unqork/sample-project/src/reducers/menuReducer.js": {"path":"/Users/shreyanshnarendrabhai/code/unqork/sample-project/src/reducers/menuReducer.js","statementMap":{"0":{"start":{"line":3,"column":22},"end":{"line":5,"column":1}},"1":{"start":{"line":7,"column":20},"end":{"line":20,"column":1}},"2":{"start":{"line":8,"column":2},"end":{"line":19,"column":3}},"3":{"start":{"line":10,"column":6},"end":{"line":12,"column":9}},"4":{"start":{"line":14,"column":6},"end":{"line":16,"column":9}},"5":{"start":{"line":18,"column":6},"end":{"line":18,"column":19}}},"fnMap":{"0":{"name":"(anonymous_0)","decl":{"start":{"line":7,"column":20},"end":{"line":7,"column":21}},"loc":{"start":{"line":7,"column":55},"end":{"line":20,"column":1}},"line":7}},"branchMap":{"0":{"loc":{"start":{"line":7,"column":21},"end":{"line":7,"column":42}},"type":"default-arg","locations":[{"start":{"line":7,"column":29},"end":{"line":7,"column":42}}],"line":7},"1":{"loc":{"start":{"line":8,"column":2},"end":{"line":19,"column":3}},"type":"switch","locations":[{"start":{"line":9,"column":4},"end":{"line":12,"column":9}},{"start":{"line":13,"column":4},"end":{"line":16,"column":9}},{"start":{"line":17,"column":4},"end":{"line":18,"column":19}}],"line":8}},"s":{"0":0,"1":0,"2":0,"3":0,"4":0,"5":0},"f":{"0":0},"b":{"0":[0],"1":[0,0,0]},"hash":"725f00b165a6942fc7aaf0a742f9f4dc0d681053"}
,"/Users/shreyanshnarendrabhai/code/unqork/sample-project/src/reducers/rootReducer.js": {"path":"/Users/shreyanshnarendrabhai/code/unqork/sample-project/src/reducers/rootReducer.js","statementMap":{"0":{"start":{"line":6,"column":20},"end":{"line":10,"column":2}}},"fnMap":{},"branchMap":{},"s":{"0":0},"f":{},"b":{},"hash":"32a75b038b2653c8efa9e3426efad4fd0dd9c9de"}
}
